0:0:0:0:0:0:0:1 - - [15/Jul/2024:08:51:06 +0900] "GET / HTTP/1.1" 404 275
0:0:0:0:0:0:0:1 - - [15/Jul/2024:08:51:06 +0900] "GET / HTTP/1.1" 404 275
0:0:0:0:0:0:0:1 - - [15/Jul/2024:08:51:06 +0900] "GET /favicon.ico HTTP/1.1" 404 111
0:0:0:0:0:0:0:1 - - [15/Jul/2024:08:51:11 +0900] "GET /v3/api-docs HTTP/1.1" 404 275
0:0:0:0:0:0:0:1 - - [15/Jul/2024:08:51:14 +0900] "GET /v3/api-docs HTTP/1.1" 404 275
0:0:0:0:0:0:0:1 - - [15/Jul/2024:08:51:50 +0900] "GET /api-docs HTTP/1.1" 200 5288
0:0:0:0:0:0:0:1 - - [15/Jul/2024:08:51:57 +0900] "GET /swagger-ui.html HTTP/1.1" 404 275
0:0:0:0:0:0:0:1 - - [15/Jul/2024:08:52:53 +0900] "GET /swagger.html HTTP/1.1" 404 275
0:0:0:0:0:0:0:1 - - [15/Jul/2024:08:53:07 +0900] "GET /swagger HTTP/1.1" 404 275
0:0:0:0:0:0:0:1 - - [15/Jul/2024:08:53:25 +0900] "GET /swagger-ui/index.hml HTTP/1.1" 404 275
0:0:0:0:0:0:0:1 - - [15/Jul/2024:08:53:30 +0900] "GET /swagger-ui/index.html HTTP/1.1" 404 275
0:0:0:0:0:0:0:1 - - [15/Jul/2024:08:53:32 +0900] "GET /swagger-ui/index.html HTTP/1.1" 404 275
0:0:0:0:0:0:0:1 - - [15/Jul/2024:08:53:32 +0900] "GET /swagger-ui/index.html HTTP/1.1" 404 275
0:0:0:0:0:0:0:1 - - [15/Jul/2024:08:53:33 +0900] "GET /swagger-ui/index.html HTTP/1.1" 404 275
0:0:0:0:0:0:0:1 - - [15/Jul/2024:08:53:33 +0900] "GET /swagger-ui/index.html HTTP/1.1" 404 275
0:0:0:0:0:0:0:1 - - [15/Jul/2024:08:55:40 +0900] "GET /swagger-ui/index.html HTTP/1.1" 404 275
0:0:0:0:0:0:0:1 - - [15/Jul/2024:09:00:40 +0900] "GET /swagger-ui/index.html HTTP/1.1" 404 275
0:0:0:0:0:0:0:1 - - [15/Jul/2024:09:01:15 +0900] "GET /swagger-ui/index.html HTTP/1.1" 404 275
0:0:0:0:0:0:0:1 - - [15/Jul/2024:09:01:15 +0900] "GET /swagger-ui/index.html HTTP/1.1" 404 275
0:0:0:0:0:0:0:1 - - [15/Jul/2024:09:01:15 +0900] "GET /swagger-ui/index.html HTTP/1.1" 404 275
0:0:0:0:0:0:0:1 - - [15/Jul/2024:09:02:24 +0900] "GET /swagger-ui/index.html HTTP/1.1" 404 275
0:0:0:0:0:0:0:1 - - [15/Jul/2024:09:03:34 +0900] "GET /swagger-ui/index.html HTTP/1.1" 404 275
0:0:0:0:0:0:0:1 - - [15/Jul/2024:09:03:35 +0900] "GET /swagger-ui/index.html HTTP/1.1" 404 275
0:0:0:0:0:0:0:1 - - [15/Jul/2024:09:03:35 +0900] "GET /swagger-ui/index.html HTTP/1.1" 404 275
0:0:0:0:0:0:0:1 - - [15/Jul/2024:09:03:35 +0900] "GET /swagger-ui/index.html HTTP/1.1" 404 275
0:0:0:0:0:0:0:1 - - [15/Jul/2024:09:05:06 +0900] "GET /swagger-ui/index.html HTTP/1.1" 404 275
0:0:0:0:0:0:0:1 - - [15/Jul/2024:09:06:44 +0900] "GET /swagger-ui/index.html HTTP/1.1" 404 275
0:0:0:0:0:0:0:1 - - [15/Jul/2024:09:07:03 +0900] "GET /swagger-ui/index.html HTTP/1.1" 200 734
0:0:0:0:0:0:0:1 - - [15/Jul/2024:09:07:03 +0900] "GET /swagger-ui/index.css HTTP/1.1" 200 202
0:0:0:0:0:0:0:1 - - [15/Jul/2024:09:07:03 +0900] "GET /swagger-ui/swagger-ui.css HTTP/1.1" 200 152071
0:0:0:0:0:0:0:1 - - [15/Jul/2024:09:07:03 +0900] "GET /swagger-ui/swagger-ui-bundle.js HTTP/1.1" 200 1452753
0:0:0:0:0:0:0:1 - - [15/Jul/2024:09:07:03 +0900] "GET /swagger-ui/swagger-ui-standalone-preset.js HTTP/1.1" 200 230293
0:0:0:0:0:0:0:1 - - [15/Jul/2024:09:07:03 +0900] "GET /swagger-ui/swagger-initializer.js HTTP/1.1" 200 739
0:0:0:0:0:0:0:1 - - [15/Jul/2024:09:07:03 +0900] "GET /api-docs/swagger-config HTTP/1.1" 200 304
0:0:0:0:0:0:0:1 - - [15/Jul/2024:09:07:03 +0900] "GET /swagger-ui/favicon-32x32.png HTTP/1.1" 200 628
0:0:0:0:0:0:0:1 - - [15/Jul/2024:09:07:03 +0900] "GET /api-docs HTTP/1.1" 200 5448
0:0:0:0:0:0:0:1 - - [15/Jul/2024:19:08:32 +0900] "GET / HTTP/1.1" 404 275
