0:0:0:0:0:0:0:1 - - [13/Jul/2024:23:40:14 +0900] "GET /swagger-ui.html HTTP/1.1" 404 275
0:0:0:0:0:0:0:1 - - [13/Jul/2024:23:40:43 +0900] "GET /swagger-ui.html HTTP/1.1" 404 275
0:0:0:0:0:0:0:1 - - [13/Jul/2024:23:41:50 +0900] "GET /swagger-ui.html HTTP/1.1" 404 275
0:0:0:0:0:0:0:1 - - [13/Jul/2024:23:41:50 +0900] "GET /swagger-ui.html HTTP/1.1" 404 275
127.0.0.1 - - [13/Jul/2024:23:43:13 +0900] "GET /swagger-ui.html HTTP/1.1" 404 275
127.0.0.1 - - [13/Jul/2024:23:43:13 +0900] "GET /swagger-ui.html HTTP/1.1" 404 275
0:0:0:0:0:0:0:1 - - [13/Jul/2024:23:50:53 +0900] "GET /swagger-ui.html HTTP/1.1" 404 275
0:0:0:0:0:0:0:1 - - [13/Jul/2024:23:50:54 +0900] "GET /swagger-ui.html HTTP/1.1" 404 275
0:0:0:0:0:0:0:1 - - [13/Jul/2024:23:50:54 +0900] "GET /swagger-ui.html HTTP/1.1" 404 275
0:0:0:0:0:0:0:1 - - [13/Jul/2024:23:50:55 +0900] "GET /swagger-ui.html HTTP/1.1" 404 275
0:0:0:0:0:0:0:1 - - [13/Jul/2024:23:50:55 +0900] "GET /swagger-ui.html HTTP/1.1" 404 275
0:0:0:0:0:0:0:1 - - [13/Jul/2024:23:50:55 +0900] "GET /swagger-ui.html HTTP/1.1" 404 275
0:0:0:0:0:0:0:1 - - [13/Jul/2024:23:52:48 +0900] "GET /swagger-ui/index.html HTTP/1.1" 404 275
0:0:0:0:0:0:0:1 - - [13/Jul/2024:23:52:54 +0900] "GET /swagger-ui.html HTTP/1.1" 404 275
0:0:0:0:0:0:0:1 - - [13/Jul/2024:23:52:56 +0900] "GET /swagger-ui.html HTTP/1.1" 404 275
0:0:0:0:0:0:0:1 - - [13/Jul/2024:23:52:57 +0900] "GET /swagger-ui.html HTTP/1.1" 404 275
0:0:0:0:0:0:0:1 - - [13/Jul/2024:23:52:57 +0900] "GET /swagger-ui.html HTTP/1.1" 404 275
0:0:0:0:0:0:0:1 - - [13/Jul/2024:23:52:57 +0900] "GET /swagger-ui.html HTTP/1.1" 404 275
0:0:0:0:0:0:0:1 - - [13/Jul/2024:23:52:57 +0900] "GET /swagger-ui.html HTTP/1.1" 404 275
0:0:0:0:0:0:0:1 - - [13/Jul/2024:23:52:57 +0900] "GET /swagger-ui.html HTTP/1.1" 404 275
0:0:0:0:0:0:0:1 - - [13/Jul/2024:23:52:58 +0900] "GET /swagger-ui.html HTTP/1.1" 404 275
0:0:0:0:0:0:0:1 - - [13/Jul/2024:23:52:58 +0900] "GET /swagger-ui.html HTTP/1.1" 404 275
0:0:0:0:0:0:0:1 - - [13/Jul/2024:23:52:58 +0900] "GET /swagger-ui.html HTTP/1.1" 404 275
0:0:0:0:0:0:0:1 - - [13/Jul/2024:23:52:58 +0900] "GET /swagger-ui.html HTTP/1.1" 404 275
0:0:0:0:0:0:0:1 - - [13/Jul/2024:23:52:58 +0900] "GET /swagger-ui.html HTTP/1.1" 404 275
0:0:0:0:0:0:0:1 - - [13/Jul/2024:23:52:58 +0900] "GET /swagger-ui.html HTTP/1.1" 404 275
0:0:0:0:0:0:0:1 - - [13/Jul/2024:23:52:59 +0900] "GET /swagger-ui.html HTTP/1.1" 404 275
0:0:0:0:0:0:0:1 - - [13/Jul/2024:23:52:59 +0900] "GET /swagger-ui.html HTTP/1.1" 404 275
0:0:0:0:0:0:0:1 - - [13/Jul/2024:23:52:59 +0900] "GET /swagger-ui.html HTTP/1.1" 404 275
0:0:0:0:0:0:0:1 - - [13/Jul/2024:23:52:59 +0900] "GET /swagger-ui.html HTTP/1.1" 404 275
0:0:0:0:0:0:0:1 - - [13/Jul/2024:23:53:16 +0900] "GET /v3/api-docs HTTP/1.1" 200 770
0:0:0:0:0:0:0:1 - - [13/Jul/2024:23:56:56 +0900] "GET /v3/api-docs/swagger-config%20%EC%B6%9C%EC%B2%98:%20https://oingdaddy.tistory.com/410%20[SI%20Supply%20Depot:%ED%8B%B0%EC%8A%A4%ED%86%A0%EB%A6%AC] HTTP/1.1" 400 435
0:0:0:0:0:0:0:1 - - [13/Jul/2024:23:57:04 +0900] "GET /v3/api-docs/swagger-config HTTP/1.1" 404 275
