0:0:0:0:0:0:0:1 - - [14/Jul/2024:00:00:12 +0900] "GET /swagger-ui.html HTTP/1.1" 404 275
0:0:0:0:0:0:0:1 - - [14/Jul/2024:00:02:15 +0900] "GET /swagger-ui.html HTTP/1.1" 404 275
0:0:0:0:0:0:0:1 - - [14/Jul/2024:00:23:01 +0900] "GET /swagger-ui.html HTTP/1.1" 404 275
0:0:0:0:0:0:0:1 - - [14/Jul/2024:00:23:03 +0900] "GET /swagger-ui.html HTTP/1.1" 404 275
0:0:0:0:0:0:0:1 - - [14/Jul/2024:00:23:05 +0900] "GET /swagger-ui.html HTTP/1.1" 404 275
0:0:0:0:0:0:0:1 - - [14/Jul/2024:00:23:05 +0900] "GET /swagger-ui.html HTTP/1.1" 404 275
0:0:0:0:0:0:0:1 - - [14/Jul/2024:00:23:05 +0900] "GET /swagger-ui.html HTTP/1.1" 404 275
0:0:0:0:0:0:0:1 - - [14/Jul/2024:00:23:06 +0900] "GET /swagger-ui.html HTTP/1.1" 404 275
0:0:0:0:0:0:0:1 - - [14/Jul/2024:00:23:06 +0900] "GET /swagger-ui.html HTTP/1.1" 404 275
0:0:0:0:0:0:0:1 - - [14/Jul/2024:00:23:06 +0900] "GET /swagger-ui.html HTTP/1.1" 404 275
0:0:0:0:0:0:0:1 - - [14/Jul/2024:00:23:07 +0900] "GET /swagger-ui.html HTTP/1.1" 404 275
0:0:0:0:0:0:0:1 - - [14/Jul/2024:00:23:07 +0900] "GET /swagger-ui.html HTTP/1.1" 404 275
0:0:0:0:0:0:0:1 - - [14/Jul/2024:00:23:08 +0900] "GET /swagger-ui.html HTTP/1.1" 404 275
0:0:0:0:0:0:0:1 - - [14/Jul/2024:00:23:08 +0900] "GET /swagger-ui.html HTTP/1.1" 404 275
0:0:0:0:0:0:0:1 - - [14/Jul/2024:00:23:08 +0900] "GET /swagger-ui.html HTTP/1.1" 404 275
0:0:0:0:0:0:0:1 - - [14/Jul/2024:00:23:08 +0900] "GET /swagger-ui.html HTTP/1.1" 404 275
0:0:0:0:0:0:0:1 - - [14/Jul/2024:00:27:55 +0900] "GET /swagger-ui.html HTTP/1.1" 404 275
0:0:0:0:0:0:0:1 - - [14/Jul/2024:00:27:56 +0900] "GET /swagger-ui.html HTTP/1.1" 404 275
0:0:0:0:0:0:0:1 - - [14/Jul/2024:00:27:56 +0900] "GET /swagger-ui.html HTTP/1.1" 404 275
0:0:0:0:0:0:0:1 - - [14/Jul/2024:00:27:56 +0900] "GET /swagger-ui.html HTTP/1.1" 404 275
0:0:0:0:0:0:0:1 - - [14/Jul/2024:00:27:57 +0900] "GET /swagger-ui.html HTTP/1.1" 404 275
0:0:0:0:0:0:0:1 - - [14/Jul/2024:00:27:57 +0900] "GET /swagger-ui.html HTTP/1.1" 404 275
0:0:0:0:0:0:0:1 - - [14/Jul/2024:00:36:44 +0900] "GET /v3/api-docs HTTP/1.1" 200 770
0:0:0:0:0:0:0:1 - - [14/Jul/2024:00:36:49 +0900] "GET /swagger-ui.html HTTP/1.1" 404 275
0:0:0:0:0:0:0:1 - - [14/Jul/2024:00:43:38 +0900] "GET /swagger-ui.html HTTP/1.1" 404 275
0:0:0:0:0:0:0:1 - - [14/Jul/2024:00:43:40 +0900] "GET /swagger-ui.html HTTP/1.1" 404 275
0:0:0:0:0:0:0:1 - - [14/Jul/2024:00:45:41 +0900] "GET /swagger-ui/index.html HTTP/1.1" 404 275
0:0:0:0:0:0:0:1 - - [14/Jul/2024:00:45:41 +0900] "GET /swagger-ui/index.html HTTP/1.1" 404 275
0:0:0:0:0:0:0:1 - - [14/Jul/2024:00:45:44 +0900] "GET /swagger-ui/index.html HTTP/1.1" 404 275
0:0:0:0:0:0:0:1 - - [14/Jul/2024:00:45:45 +0900] "GET /swagger-ui/index.html HTTP/1.1" 404 275
0:0:0:0:0:0:0:1 - - [14/Jul/2024:00:45:46 +0900] "GET /swagger-ui/index.html HTTP/1.1" 404 275
0:0:0:0:0:0:0:1 - - [14/Jul/2024:00:46:05 +0900] "GET /swagger-ui/index.html HTTP/1.1" 404 275
0:0:0:0:0:0:0:1 - - [14/Jul/2024:00:46:12 +0900] "GET /swagger-ui/index.html HTTP/1.1" 404 275
0:0:0:0:0:0:0:1 - - [14/Jul/2024:00:46:14 +0900] "GET /swagger-ui/index.html HTTP/1.1" 404 275
0:0:0:0:0:0:0:1 - - [14/Jul/2024:00:49:09 +0900] "GET / HTTP/1.1" 404 275
0:0:0:0:0:0:0:1 - - [14/Jul/2024:00:49:09 +0900] "GET /favicon.ico HTTP/1.1" 404 111
0:0:0:0:0:0:0:1 - - [14/Jul/2024:00:49:15 +0900] "GET /v3/api-docs HTTP/1.1" 200 770
0:0:0:0:0:0:0:1 - - [14/Jul/2024:00:50:20 +0900] "GET /swagger-ui.html HTTP/1.1" 404 275
0:0:0:0:0:0:0:1 - - [14/Jul/2024:00:50:25 +0900] "GET /swagger-ui/index.html HTTP/1.1" 404 275
0:0:0:0:0:0:0:1 - - [14/Jul/2024:00:50:47 +0900] "GET /swagger-ui/index.html HTTP/1.1" 404 275
0:0:0:0:0:0:0:1 - - [14/Jul/2024:00:52:12 +0900] "GET /swagger-ui/index.html HTTP/1.1" 404 275
0:0:0:0:0:0:0:1 - - [14/Jul/2024:00:52:13 +0900] "GET /swagger-ui/index.html HTTP/1.1" 404 275
0:0:0:0:0:0:0:1 - - [14/Jul/2024:00:52:13 +0900] "GET /swagger-ui/index.html HTTP/1.1" 404 275
0:0:0:0:0:0:0:1 - - [14/Jul/2024:00:52:14 +0900] "GET /swagger-ui/index.html HTTP/1.1" 404 275
0:0:0:0:0:0:0:1 - - [14/Jul/2024:00:52:14 +0900] "GET /swagger-ui/index.html HTTP/1.1" 404 275
0:0:0:0:0:0:0:1 - - [14/Jul/2024:00:52:14 +0900] "GET /swagger-ui/index.html HTTP/1.1" 404 275
0:0:0:0:0:0:0:1 - - [14/Jul/2024:00:52:14 +0900] "GET /swagger-ui/index.html HTTP/1.1" 404 275
0:0:0:0:0:0:0:1 - - [14/Jul/2024:00:52:14 +0900] "GET /swagger-ui/index.html HTTP/1.1" 404 275
0:0:0:0:0:0:0:1 - - [14/Jul/2024:00:52:56 +0900] "GET /swagger-ui/index.html HTTP/1.1" 404 275
0:0:0:0:0:0:0:1 - - [14/Jul/2024:00:52:57 +0900] "GET /swagger-ui/index.html HTTP/1.1" 404 275
0:0:0:0:0:0:0:1 - - [14/Jul/2024:00:52:57 +0900] "GET /swagger-ui/index.html HTTP/1.1" 404 275
0:0:0:0:0:0:0:1 - - [14/Jul/2024:00:52:57 +0900] "GET /swagger-ui/index.html HTTP/1.1" 404 275
0:0:0:0:0:0:0:1 - - [14/Jul/2024:00:52:58 +0900] "GET /swagger-ui/index.html HTTP/1.1" 404 275
0:0:0:0:0:0:0:1 - - [14/Jul/2024:00:52:58 +0900] "GET /swagger-ui/index.html HTTP/1.1" 404 275
0:0:0:0:0:0:0:1 - - [14/Jul/2024:00:52:58 +0900] "GET /swagger-ui/index.html HTTP/1.1" 404 275
0:0:0:0:0:0:0:1 - - [14/Jul/2024:00:52:58 +0900] "GET /swagger-ui/index.html HTTP/1.1" 404 275
0:0:0:0:0:0:0:1 - - [14/Jul/2024:00:52:58 +0900] "GET /swagger-ui/index.html HTTP/1.1" 404 275
0:0:0:0:0:0:0:1 - - [14/Jul/2024:00:52:58 +0900] "GET /swagger-ui/index.html HTTP/1.1" 404 275
127.0.0.1 - - [14/Jul/2024:00:55:04 +0900] "GET /swagger-ui/index.html HTTP/1.1" 404 275
127.0.0.1 - - [14/Jul/2024:00:55:06 +0900] "GET /swagger-ui/index.html HTTP/1.1" 404 275
0:0:0:0:0:0:0:1 - - [14/Jul/2024:00:58:45 +0900] "GET /swagger-ui/index.html HTTP/1.1" 404 275
0:0:0:0:0:0:0:1 - - [14/Jul/2024:00:58:46 +0900] "GET /swagger-ui/index.html HTTP/1.1" 404 275
0:0:0:0:0:0:0:1 - - [14/Jul/2024:00:59:30 +0900] "GET /swagger-ui/index.html HTTP/1.1" 404 275
0:0:0:0:0:0:0:1 - - [14/Jul/2024:00:59:34 +0900] "GET /swagger-ui/index.html HTTP/1.1" 404 275
0:0:0:0:0:0:0:1 - - [14/Jul/2024:00:59:35 +0900] "GET /swagger-ui/index.html HTTP/1.1" 404 275
0:0:0:0:0:0:0:1 - - [14/Jul/2024:00:59:35 +0900] "GET /swagger-ui/index.html HTTP/1.1" 404 275
0:0:0:0:0:0:0:1 - - [14/Jul/2024:00:59:35 +0900] "GET /swagger-ui/index.html HTTP/1.1" 404 275
0:0:0:0:0:0:0:1 - - [14/Jul/2024:00:59:43 +0900] "GET /api-docs HTTP/1.1" 200 5288
0:0:0:0:0:0:0:1 - - [14/Jul/2024:01:00:15 +0900] "GET /api-docs HTTP/1.1" 200 5288
0:0:0:0:0:0:0:1 - - [14/Jul/2024:01:08:01 +0900] "GET /api-docs HTTP/1.1" 200 5288
0:0:0:0:0:0:0:1 - - [14/Jul/2024:01:08:25 +0900] "GET /swagger-ui.html HTTP/1.1" 404 275
0:0:0:0:0:0:0:1 - - [14/Jul/2024:01:08:30 +0900] "GET /swagger-u/indexi.html HTTP/1.1" 404 275
0:0:0:0:0:0:0:1 - - [14/Jul/2024:01:08:37 +0900] "GET /swagger-u/index.html HTTP/1.1" 404 275
0:0:0:0:0:0:0:1 - - [14/Jul/2024:01:08:44 +0900] "GET /swagger-ui/index.html HTTP/1.1" 404 275
